1628
2 9999 9998
2 9997 9996
2 9995 9994
2 9993 9992
2 9991 9990
2 9989 9988
2 9987 9986
2 9985 9984
2 9983 9982
2 9981 9980
2 9979 9978
2 9977 9976
2 9975 9974
2 9973 9972
2 9971 9970
2 9969 9968
2 9967 9966
2 9965 9964
2 9963 9962
2 9961 9960
2 9959 9958
2 9957 9956
2 9955 9954
2 9953 9952
2 9951 9950
2 9949 9948
2 9947 9946
2 9945 9944
2 9943 9942
2 9941 9940
2 9939 9938
2 9937 9936
2 9935 9934
2 9933 9932
2 9931 9930
2 9929 9928
2 9927 9926
2 9925 9924
2 9923 9922
2 9921 9920
2 9919 9918
2 9917 9916
2 9915 9914
2 9913 9912
2 9911 9910
2 9909 9908
2 9907 9906
2 9905 9904
2 9903 9902
2 9901 9900
2 9899 9898
2 9897 9896
2 9895 9894
2 9893 9892
2 9891 9890
2 9889 9888
2 9887 9886
2 9885 9884
2 9883 9882
2 9881 9880
2 9879 9878
2 9877 9876
2 9875 9874
2 9873 9872
2 9871 9870
2 9869 9868
2 9867 9866
2 9865 9864
2 9863 9862
2 9861 9860
2 9859 9858
2 9857 9856
2 9855 9854
2 9853 9852
2 9851 9850
2 9849 9848
2 9847 9846
2 9845 9844
2 9843 9842
2 9841 9840
2 9839 9838
2 9837 9836
2 9835 9834
2 9833 9832
2 9831 9830
2 9829 9828
2 9827 9826
2 9825 9824
2 9823 9822
2 9821 9820
2 9819 9818
2 9817 9816
2 9815 9814
2 9813 9812
2 9811 9810
2 9809 9808
2 9807 9806
2 9805 9804
2 9803 9802
2 9801 9800
2 9799 9798
2 9797 9796
2 9795 9794
2 9793 9792
2 9791 9790
2 9789 9788
2 9787 9786
2 9785 9784
2 9783 9782
2 9781 9780
2 9779 9778
2 9777 9776
2 9775 9774
2 9773 9772
2 9771 9770
2 9769 9768
2 9767 9766
2 9765 9764
2 9763 9762
2 9761 9760
2 9759 9758
2 9757 9756
2 9755 9754
2 9753 9752
2 9751 9750
2 9749 9748
2 9747 9746
2 9745 9744
2 9743 9742
2 9741 9740
2 9739 9738
2 9737 9736
2 9735 9734
2 9733 9732
2 9731 9730
2 9729 9728
2 9727 9726
2 9725 9724
2 9723 9722
2 9721 9720
2 9719 9718
2 9717 9716
2 9715 9714
2 9713 9712
2 9711 9710
2 9709 9708
2 9707 9706
2 9705 9704
2 9703 9702
2 9701 9700
2 9699 9698
2 9697 9696
2 9695 9694
2 9693 9692
2 9691 9690
2 9689 9688
2 9687 9686
2 9685 9684
2 9683 9682
2 9681 9680
2 9679 9678
2 9677 9676
2 9675 9674
2 9673 9672
2 9671 9670
2 9669 9668
2 9667 9666
2 9665 9664
2 9663 9662
2 9661 9660
2 9659 9658
2 9657 9656
2 9655 9654
2 9653 9652
2 9651 9650
2 9649 9648
2 9647 9646
2 9645 9644
2 9643 9642
2 9641 9640
2 9639 9638
2 9637 9636
2 9635 9634
2 9633 9632
2 9631 9630
2 9629 9628
2 9627 9626
2 9625 9624
2 9623 9622
2 9621 9620
2 9619 9618
2 9617 9616
2 9615 9614
2 9613 9612
2 9611 9610
2 9609 9608
2 9607 9606
2 9605 9604
2 9603 9602
2 9601 9600
2 9599 9598
2 9597 9596
2 9595 9594
2 9593 9592
2 9591 9590
2 9589 9588
2 9587 9586
2 9585 9584
2 9583 9582
2 9581 9580
2 9579 9578
2 9577 9576
2 9575 9574
2 9573 9572
2 9571 9570
2 9569 9568
2 9567 9566
2 9565 9564
2 9563 9562
2 9561 9560
2 9559 9558
2 9557 9556
2 9555 9554
2 9553 9552
2 9551 9550
2 9549 9548
2 9547 9546
2 9545 9544
2 9543 9542
2 9541 9540
2 9539 9538
2 9537 9536
2 9535 9534
2 9533 9532
2 9531 9530
2 9529 9528
2 9527 9526
2 9525 9524
2 9523 9522
2 9521 9520
2 9519 9518
2 9517 9516
2 9515 9514
2 9513 9512
2 9511 9510
2 9509 9508
2 9507 9506
2 9505 9504
2 9503 9502
2 9501 9500
2 9499 9498
2 9497 9496
2 9495 9494
2 9493 9492
2 9491 9490
2 9489 9488
2 9487 9486
2 9485 9484
2 9483 9482
2 9481 9480
2 9479 9478
2 9477 9476
2 9475 9474
2 9473 9472
2 9471 9470
2 9469 9468
2 9467 9466
2 9465 9464
2 9463 9462
2 9461 9460
2 9459 9458
2 9457 9456
2 9455 9454
2 9453 9452
2 9451 9450
2 9449 9448
2 9447 9446
2 9445 9444
2 9443 9442
2 9441 9440
2 9439 9438
2 9437 9436
2 9435 9434
2 9433 9432
2 9431 9430
2 9429 9428
2 9427 9426
2 9425 9424
2 9423 9422
2 9421 9420
2 9419 9418
2 9417 9416
2 9415 9414
2 9413 9412
2 9411 9410
2 9409 9408
2 9407 9406
2 9405 9404
2 9403 9402
2 9401 9400
2 9399 9398
2 9397 9396
2 9395 9394
2 9393 9392
2 9391 9390
2 9389 9388
2 9387 9386
2 9385 9384
2 9383 9382
2 9381 9380
2 9379 9378
2 9377 9376
2 9375 9374
2 9373 9372
2 9371 9370
2 9369 9368
2 9367 9366
2 9365 9364
2 9363 9362
2 9361 9360
2 9359 9358
2 9357 9356
2 9355 9354
2 9353 9352
2 9351 9350
2 9349 9348
2 9347 9346
2 9345 9344
2 9343 9342
2 9341 9340
2 9339 9338
2 9337 9336
2 9335 9334
2 9333 9332
2 9331 9330
2 9329 9328
2 9327 9326
2 9325 9324
2 9323 9322
2 9321 9320
2 9319 9318
2 9317 9316
2 9315 9314
2 9313 9312
2 9311 9310
2 9309 9308
2 9307 9306
2 9305 9304
2 9303 9302
2 9301 9300
2 9299 9298
2 9297 9296
2 9295 9294
2 9293 9292
2 9291 9290
2 9289 9288
2 9287 9286
2 9285 9284
2 9283 9282
2 9281 9280
2 9279 9278
2 9277 9276
2 9275 9274
2 9273 9272
2 9271 9270
2 9269 9268
2 9267 9266
2 9265 9264
2 9263 9262
2 9261 9260
2 9259 9258
2 9257 9256
2 9255 9254
2 9253 9252
2 9251 9250
2 9249 9248
2 9247 9246
2 9245 9244
2 9243 9242
2 9241 9240
2 9239 9238
2 9237 9236
2 9235 9234
2 9233 9232
2 9231 9230
2 9229 9228
2 9227 9226
2 9225 9224
2 9223 9222
2 9221 9220
2 9219 9218
2 9217 9216
2 9215 9214
2 9213 9212
2 9211 9210
2 9209 9208
2 9207 9206
2 9205 9204
2 9203 9202
2 9201 9200
2 9199 9198
2 9197 9196
2 9195 9194
2 9193 9192
2 9191 9190
2 9189 9188
2 9187 9186
2 9185 9184
2 9183 9182
2 9181 9180
2 9179 9178
2 9177 9176
2 9175 9174
2 9173 9172
2 9171 9170
2 9169 9168
2 9167 9166
2 9165 9164
2 9163 9162
2 9161 9160
2 9159 9158
2 9157 9156
2 9155 9154
2 9153 9152
2 9151 9150
2 9149 9148
2 9147 9146
2 9145 9144
2 9143 9142
2 9141 9140
2 9139 9138
2 9137 9136
2 9135 9134
2 9133 9132
2 9131 9130
2 9129 9128
2 9127 9126
2 9125 9124
2 9123 9122
2 9121 9120
2 9119 9118
2 9117 9116
2 9115 9114
2 9113 9112
2 9111 9110
2 9109 9108
2 9107 9106
2 9105 9104
2 9103 9102
2 9101 9100
2 9099 9098
2 9097 9096
2 9095 9094
2 9093 9092
2 9091 9090
2 9089 9088
2 9087 9086
2 9085 9084
2 9083 9082
2 9081 9080
2 9079 9078
2 9077 9076
2 9075 9074
2 9073 9072
2 9071 9070
2 9069 9068
2 9067 9066
2 9065 9064
2 9063 9062
2 9061 9060
2 9059 9058
2 9057 9056
2 9055 9054
2 9053 9052
2 9051 9050
2 9049 9048
2 9047 9046
2 9045 9044
2 9043 9042
2 9041 9040
2 9039 9038
2 9037 9036
2 9035 9034
2 9033 9032
2 9031 9030
2 9029 9028
2 9027 9026
2 9025 9024
2 9023 9022
2 9021 9020
2 9019 9018
2 9017 9016
2 9015 9014
2 9013 9012
2 9011 9010
2 9009 9008
2 9007 9006
2 9005 9004
2 9003 9002
2 9001 9000
2 8999 8998
2 8997 8996
2 8995 8994
2 8993 8992
3 8991 8990 8989
3 8988 8987 8986
3 8985 8984 8983
3 8982 8981 8980
3 8979 8978 8977
3 8976 8975 8974
3 8973 8972 8971
3 8970 8969 8968
3 8967 8966 8965
3 8964 8963 8962
3 8961 8960 8959
3 8958 8957 8956
3 8955 8954 8953
3 8952 8951 8950
3 8949 8948 8947
3 8946 8945 8944
3 8943 8942 8941
3 8940 8939 8938
3 8937 8936 8935
3 8934 8933 8932
3 8931 8930 8929
3 8928 8927 8926
3 8925 8924 8923
3 8922 8921 8920
3 8919 8918 8917
3 8916 8915 8914
3 8913 8912 8911
3 8910 8909 8908
3 8907 8906 8905
3 8904 8903 8902
3 8901 8900 8899
3 8898 8897 8896
3 8895 8894 8893
3 8892 8891 8890
3 8889 8888 8887
3 8886 8885 8884
3 8883 8882 8881
3 8880 8879 8878
3 8877 8876 8875
3 8874 8873 8872
3 8871 8870 8869
3 8868 8867 8866
3 8865 8864 8863
3 8862 8861 8860
3 8859 8858 8857
3 8856 8855 8854
3 8853 8852 8851
3 8850 8849 8848
3 8847 8846 8845
3 8844 8843 8842
3 8841 8840 8839
3 8838 8837 8836
3 8835 8834 8833
3 8832 8831 8830
3 8829 8828 8827
3 8826 8825 8824
3 8823 8822 8821
3 8820 8819 8818
3 8817 8816 8815
3 8814 8813 8812
3 8811 8810 8809
3 8808 8807 8806
3 8805 8804 8803
3 8802 8801 8800
3 8799 8798 8797
3 8796 8795 8794
3 8793 8792 8791
3 8790 8789 8788
3 8787 8786 8785
3 8784 8783 8782
3 8781 8780 8779
3 8778 8777 8776
3 8775 8774 8773
3 8772 8771 8770
3 8769 8768 8767
3 8766 8765 8764
3 8763 8762 8761
3 8760 8759 8758
3 8757 8756 8755
3 8754 8753 8752
3 8751 8750 8749
3 8748 8747 8746
3 8745 8744 8743
3 8742 8741 8740
3 8739 8738 8737
3 8736 8735 8734
3 8733 8732 8731
3 8730 8729 8728
3 8727 8726 8725
3 8724 8723 8722
3 8721 8720 8719
3 8718 8717 8716
3 8715 8714 8713
3 8712 8711 8710
3 8709 8708 8707
3 8706 8705 8704
3 8703 8702 8701
3 8700 8699 8698
3 8697 8696 8695
3 8694 8693 8692
3 8691 8690 8689
3 8688 8687 8686
3 8685 8684 8683
3 8682 8681 8680
3 8679 8678 8677
3 8676 8675 8674
3 8673 8672 8671
3 8670 8669 8668
3 8667 8666 8665
3 8664 8663 8662
3 8661 8660 8659
3 8658 8657 8656
3 8655 8654 8653
3 8652 8651 8650
3 8649 8648 8647
3 8646 8645 8644
3 8643 8642 8641
3 8640 8639 8638
3 8637 8636 8635
3 8634 8633 8632
3 8631 8630 8629
3 8628 8627 8626
3 8625 8624 8623
3 8622 8621 8620
3 8619 8618 8617
3 8616 8615 8614
3 8613 8612 8611
3 8610 8609 8608
3 8607 8606 8605
3 8604 8603 8602
3 8601 8600 8599
3 8598 8597 8596
3 8595 8594 8593
3 8592 8591 8590
3 8589 8588 8587
3 8586 8585 8584
3 8583 8582 8581
3 8580 8579 8578
3 8577 8576 8575
3 8574 8573 8572
3 8571 8570 8569
3 8568 8567 8566
3 8565 8564 8563
3 8562 8561 8560
3 8559 8558 8557
3 8556 8555 8554
3 8553 8552 8551
3 8550 8549 8548
3 8547 8546 8545
3 8544 8543 8542
3 8541 8540 8539
3 8538 8537 8536
3 8535 8534 8533
3 8532 8531 8530
3 8529 8528 8527
3 8526 8525 8524
3 8523 8522 8521
3 8520 8519 8518
3 8517 8516 8515
3 8514 8513 8512
3 8511 8510 8509
3 8508 8507 8506
3 8505 8504 8503
3 8502 8501 8500
3 8499 8498 8497
3 8496 8495 8494
3 8493 8492 8491
3 8490 8489 8488
3 8487 8486 8485
3 8484 8483 8482
3 8481 8480 8479
3 8478 8477 8476
3 8475 8474 8473
3 8472 8471 8470
3 8469 8468 8467
3 8466 8465 8464
3 8463 8462 8461
3 8460 8459 8458
3 8457 8456 8455
3 8454 8453 8452
3 8451 8450 8449
3 8448 8447 8446
3 8445 8444 8443
3 8442 8441 8440
3 8439 8438 8437
3 8436 8435 8434
3 8433 8432 8431
3 8430 8429 8428
3 8427 8426 8425
3 8424 8423 8422
3 8421 8420 8419
3 8418 8417 8416
3 8415 8414 8413
3 8412 8411 8410
3 8409 8408 8407
3 8406 8405 8404
3 8403 8402 8401
3 8400 8399 8398
3 8397 8396 8395
3 8394 8393 8392
3 8391 8390 8389
3 8388 8387 8386
3 8385 8384 8383
3 8382 8381 8380
3 8379 8378 8377
3 8376 8375 8374
3 8373 8372 8371
3 8370 8369 8368
3 8367 8366 8365
3 8364 8363 8362
3 8361 8360 8359
3 8358 8357 8356
3 8355 8354 8353
3 8352 8351 8350
3 8349 8348 8347
3 8346 8345 8344
3 8343 8342 8341
3 8340 8339 8338
3 8337 8336 8335
3 8334 8333 8332
3 8331 8330 8329
3 8328 8327 8326
3 8325 8324 8323
3 8322 8321 8320
3 8319 8318 8317
3 8316 8315 8314
3 8313 8312 8311
3 8310 8309 8308
3 8307 8306 8305
3 8304 8303 8302
3 8301 8300 8299
3 8298 8297 8296
3 8295 8294 8293
3 8292 8291 8290
3 8289 8288 8287
3 8286 8285 8284
3 8283 8282 8281
3 8280 8279 8278
3 8277 8276 8275
3 8274 8273 8272
3 8271 8270 8269
3 8268 8267 8266
3 8265 8264 8263
3 8262 8261 8260
3 8259 8258 8257
3 8256 8255 8254
3 8253 8252 8251
3 8250 8249 8248
3 8247 8246 8245
3 8244 8243 8242
3 8241 8240 8239
3 8238 8237 8236
3 8235 8234 8233
3 8232 8231 8230
3 8229 8228 8227
3 8226 8225 8224
3 8223 8222 8221
3 8220 8219 8218
3 8217 8216 8215
3 8214 8213 8212
3 8211 8210 8209
3 8208 8207 8206
3 8205 8204 8203
3 8202 8201 8200
3 8199 8198 8197
3 8196 8195 8194
3 8193 8192 8191
3 8190 8189 8188
3 8187 8186 8185
3 8184 8183 8182
3 8181 8180 8179
3 8178 8177 8176
3 8175 8174 8173
3 8172 8171 8170
3 8169 8168 8167
3 8166 8165 8164
3 8163 8162 8161
3 8160 8159 8158
3 8157 8156 8155
3 8154 8153 8152
3 8151 8150 8149
3 8148 8147 8146
3 8145 8144 8143
3 8142 8141 8140
3 8139 8138 8137
3 8136 8135 8134
3 8133 8132 8131
3 8130 8129 8128
3 8127 8126 8125
3 8124 8123 8122
3 8121 8120 8119
3 8118 8117 8116
3 8115 8114 8113
3 8112 8111 8110
3 8109 8108 8107
3 8106 8105 8104
3 8103 8102 8101
3 8100 8099 8098
3 8097 8096 8095
3 8094 8093 8092
3 8091 8090 8089
3 8088 8087 8086
3 8085 8084 8083
3 8082 8081 8080
3 8079 8078 8077
3 8076 8075 8074
3 8073 8072 8071
3 8070 8069 8068
3 8067 8066 8065
3 8064 8063 8062
3 8061 8060 8059
3 8058 8057 8056
3 8055 8054 8053
3 8052 8051 8050
3 8049 8048 8047
3 8046 8045 8044
3 8043 8042 8041
3 8040 8039 8038
3 8037 8036 8035
3 8034 8033 8032
3 8031 8030 8029
3 8028 8027 8026
3 8025 8024 8023
3 8022 8021 8020
3 8019 8018 8017
3 8016 8015 8014
3 8013 8012 8011
3 8010 8009 8008
3 8007 8006 8005
3 8004 8003 8002
3 8001 8000 7999
3 7998 7997 7996
3 7995 7994 7993
3 7992 7991 7990
3 7989 7988 7987
3 7986 7985 7984
3 7983 7982 7981
3 7980 7979 7978
3 7977 7976 7975
3 7974 7973 7972
3 7971 7970 7969
3 7968 7967 7966
3 7965 7964 7963
3 7962 7961 7960
3 7959 7958 7957
3 7956 7955 7954
3 7953 7952 7951
3 7950 7949 7948
3 7947 7946 7945
3 7944 7943 7942
3 7941 7940 7939
3 7938 7937 7936
3 7935 7934 7933
3 7932 7931 7930
3 7929 7928 7927
3 7926 7925 7924
3 7923 7922 7921
3 7920 7919 7918
3 7917 7916 7915
3 7914 7913 7912
3 7911 7910 7909
3 7908 7907 7906
3 7905 7904 7903
3 7902 7901 7900
3 7899 7898 7897
3 7896 7895 7894
3 7893 7892 7891
3 7890 7889 7888
3 7887 7886 7885
3 7884 7883 7882
3 7881 7880 7879
3 7878 7877 7876
3 7875 7874 7873
3 7872 7871 7870
3 7869 7868 7867
3 7866 7865 7864
3 7863 7862 7861
3 7860 7859 7858
3 7857 7856 7855
3 7854 7853 7852
3 7851 7850 7849
3 7848 7847 7846
3 7845 7844 7843
3 7842 7841 7840
3 7839 7838 7837
3 7836 7835 7834
3 7833 7832 7831
3 7830 7829 7828
3 7827 7826 7825
3 7824 7823 7822
3 7821 7820 7819
3 7818 7817 7816
3 7815 7814 7813
3 7812 7811 7810
3 7809 7808 7807
3 7806 7805 7804
3 7803 7802 7801
3 7800 7799 7798
3 7797 7796 7795
3 7794 7793 7792
3 7791 7790 7789
3 7788 7787 7786
3 7785 7784 7783
3 7782 7781 7780
3 7779 7778 7777
3 7776 7775 7774
3 7773 7772 7771
3 7770 7769 7768
3 7767 7766 7765
3 7764 7763 7762
3 7761 7760 7759
3 7758 7757 7756
3 7755 7754 7753
3 7752 7751 7750
3 7749 7748 7747
3 7746 7745 7744
3 7743 7742 7741
3 7740 7739 7738
3 7737 7736 7735
3 7734 7733 7732
3 7731 7730 7729
3 7728 7727 7726
3 7725 7724 7723
3 7722 7721 7720
3 7719 7718 7717
3 7716 7715 7714
3 7713 7712 7711
3 7710 7709 7708
3 7707 7706 7705
3 7704 7703 7702
3 7701 7700 7699
3 7698 7697 7696
3 7695 7694 7693
3 7692 7691 7690
3 7689 7688 7687
3 7686 7685 7684
3 7683 7682 7681
3 7680 7679 7678
3 7677 7676 7675
3 7674 7673 7672
3 7671 7670 7669
3 7668 7667 7666
3 7665 7664 7663
3 7662 7661 7660
3 7659 7658 7657
3 7656 7655 7654
3 7653 7652 7651
3 7650 7649 7648
3 7647 7646 7645
3 7644 7643 7642
3 7641 7640 7639
3 7638 7637 7636
3 7635 7634 7633
3 7632 7631 7630
3 7629 7628 7627
3 7626 7625 7624
3 7623 7622 7621
3 7620 7619 7618
3 7617 7616 7615
3 7614 7613 7612
3 7611 7610 7609
3 7608 7607 7606
3 7605 7604 7603
3 7602 7601 7600
3 7599 7598 7597
3 7596 7595 7594
3 7593 7592 7591
3 7590 7589 7588
3 7587 7586 7585
3 7584 7583 7582
3 7581 7580 7579
3 7578 7577 7576
3 7575 7574 7573
3 7572 7571 7570
3 7569 7568 7567
3 7566 7565 7564
3 7563 7562 7561
3 7560 7559 7558
3 7557 7556 7555
3 7554 7553 7552
3 7551 7550 7549
3 7548 7547 7546
3 7545 7544 7543
3 7542 7541 7540
3 7539 7538 7537
3 7536 7535 7534
3 7533 7532 7531
3 7530 7529 7528
3 7527 7526 7525
3 7524 7523 7522
3 7521 7520 7519
3 7518 7517 7516
3 7515 7514 7513
3 7512 7511 7510
3 7509 7508 7507
3 7506 7505 7504
3 7503 7502 7501
3 7500 7499 7498
3 7497 7496 7495
3 7494 7493 7492
3 7491 7490 7489
3 7488 7487 7486
3 7485 7484 7483
3 7482 7481 7480
3 7479 7478 7477
3 7476 7475 7474
3 7473 7472 7471
3 7470 7469 7468
3 7467 7466 7465
3 7464 7463 7462
3 7461 7460 7459
3 7458 7457 7456
3 7455 7454 7453
3 7452 7451 7450
3 7449 7448 7447
3 7446 7445 7444
3 7443 7442 7441
3 7440 7439 7438
3 7437 7436 7435
3 7434 7433 7432
3 7431 7430 7429
3 7428 7427 7426
3 7425 7424 7423
3 7422 7421 7420
3 7419 7418 7417
3 7416 7415 7414
3 7413 7412 7411
3 7410 7409 7408
3 7407 7406 7405
3 7404 7403 7402
3 7401 7400 7399
3 7398 7397 7396
3 7395 7394 7393
3 7392 7391 7390
3 7389 7388 7387
3 7386 7385 7384
3 7383 7382 7381
3 7380 7379 7378
3 7377 7376 7375
4 7374 7373 7372 7371
4 7370 7369 7368 7367
4 7366 7365 7364 7363
4 7362 7361 7360 7359
4 7358 7357 7356 7355
4 7354 7353 7352 7351
4 7350 7349 7348 7347
4 7346 7345 7344 7343
4 7342 7341 7340 7339
4 7338 7337 7336 7335
4 7334 7333 7332 7331
4 7330 7329 7328 7327
4 7326 7325 7324 7323
4 7322 7321 7320 7319
4 7318 7317 7316 7315
4 7314 7313 7312 7311
4 7310 7309 7308 7307
4 7306 7305 7304 7303
4 7302 7301 7300 7299
4 7298 7297 7296 7295
4 7294 7293 7292 7291
4 7290 7289 7288 7287
4 7286 7285 7284 7283
4 7282 7281 7280 7279
4 7278 7277 7276 7275
4 7274 7273 7272 7271
4 7270 7269 7268 7267
4 7266 7265 7264 7263
4 7262 7261 7260 7259
4 7258 7257 7256 7255
4 7254 7253 7252 7251
4 7250 7249 7248 7247
4 7246 7245 7244 7243
4 7242 7241 7240 7239
4 7238 7237 7236 7235
4 7234 7233 7232 7231
4 7230 7229 7228 7227
4 7226 7225 7224 7223
4 7222 7221 7220 7219
4 7218 7217 7216 7215
4 7214 7213 7212 7211
4 7210 7209 7208 7207
4 7206 7205 7204 7203
4 7202 7201 7200 7199
4 7198 7197 7196 7195
4 7194 7193 7192 7191
4 7190 7189 7188 7187
4 7186 7185 7184 7183
4 7182 7181 7180 7179
4 7178 7177 7176 7175
4 7174 7173 7172 7171
4 7170 7169 7168 7167
4 7166 7165 7164 7163
4 7162 7161 7160 7159
4 7158 7157 7156 7155
4 7154 7153 7152 7151
4 7150 7149 7148 7147
4 7146 7145 7144 7143
4 7142 7141 7140 7139
4 7138 7137 7136 7135
4 7134 7133 7132 7131
4 7130 7129 7128 7127
4 7126 7125 7124 7123
4 7122 7121 7120 7119
4 7118 7117 7116 7115
4 7114 7113 7112 7111
4 7110 7109 7108 7107
4 7106 7105 7104 7103
4 7102 7101 7100 7099
4 7098 7097 7096 7095
4 7094 7093 7092 7091
4 7090 7089 7088 7087
4 7086 7085 7084 7083
4 7082 7081 7080 7079
4 7078 7077 7076 7075
4 7074 7073 7072 7071
4 7070 7069 7068 7067
4 7066 7065 7064 7063
4 7062 7061 7060 7059
4 7058 7057 7056 7055
4 7054 7053 7052 7051
4 7050 7049 7048 7047
4 7046 7045 7044 7043
4 7042 7041 7040 7039
4 7038 7037 7036 7035
4 7034 7033 7032 7031
4 7030 7029 7028 7027
4 7026 7025 7024 7023
4 7022 7021 7020 7019
4 7018 7017 7016 7015
4 7014 7013 7012 7011
4 7010 7009 7008 7007
4 7006 7005 7004 7003
4 7002 7001 7000 6999
4 6998 6997 6996 6995
4 6994 6993 6992 6991
4 6990 6989 6988 6987
4 6986 6985 6984 6983
4 6982 6981 6980 6979
4 6978 6977 6976 6975
4 6974 6973 6972 6971
4 6970 6969 6968 6967
4 6966 6965 6964 6963
4 6962 6961 6960 6959
4 6958 6957 6956 6955
4 6954 6953 6952 6951
4 6950 6949 6948 6947
4 6946 6945 6944 6943
4 6942 6941 6940 6939
4 6938 6937 6936 6935
4 6934 6933 6932 6931
4 6930 6929 6928 6927
4 6926 6925 6924 6923
4 6922 6921 6920 6919
4 6918 6917 6916 6915
4 6914 6913 6912 6911
4 6910 6909 6908 6907
4 6906 6905 6904 6903
4 6902 6901 6900 6899
4 6898 6897 6896 6895
4 6894 6893 6892 6891
4 6890 6889 6888 6887
4 6886 6885 6884 6883
4 6882 6881 6880 6879
4 6878 6877 6876 6875
4 6874 6873 6872 6871
4 6870 6869 6868 6867
4 6866 6865 6864 6863
4 6862 6861 6860 6859
4 6858 6857 6856 6855
4 6854 6853 6852 6851
4 6850 6849 6848 6847
4 6846 6845 6844 6843
4 6842 6841 6840 6839
4 6838 6837 6836 6835
4 6834 6833 6832 6831
4 6830 6829 6828 6827
4 6826 6825 6824 6823
4 6822 6821 6820 6819
4 6818 6817 6816 6815
4 6814 6813 6812 6811
4 6810 6809 6808 6807
4 6806 6805 6804 6803
4 6802 6801 6800 6799
4 6798 6797 6796 6795
4 6794 6793 6792 6791
4 6790 6789 6788 6787
4 6786 6785 6784 6783
4 6782 6781 6780 6779
4 6778 6777 6776 6775
4 6774 6773 6772 6771
4 6770 6769 6768 6767
4 6766 6765 6764 6763
4 6762 6761 6760 6759
4 6758 6757 6756 6755
4 6754 6753 6752 6751
4 6750 6749 6748 6747
4 6746 6745 6744 6743
4 6742 6741 6740 6739
4 6738 6737 6736 6735
4 6734 6733 6732 6731
4 6730 6729 6728 6727
4 6726 6725 6724 6723
4 6722 6721 6720 6719
4 6718 6717 6716 6715
4 6714 6713 6712 6711
4 6710 6709 6708 6707
4 6706 6705 6704 6703
4 6702 6701 6700 6699
4 6698 6697 6696 6695
4 6694 6693 6692 6691
4 6690 6689 6688 6687
4 6686 6685 6684 6683
4 6682 6681 6680 6679
4 6678 6677 6676 6675
4 6674 6673 6672 6671
4 6670 6669 6668 6667
4 6666 6665 6664 6663
4 6662 6661 6660 6659
4 6658 6657 6656 6655
4 6654 6653 6652 6651
4 6650 6649 6648 6647
4 6646 6645 6644 6643
4 6642 6641 6640 6639
4 6638 6637 6636 6635
4 6634 6633 6632 6631
4 6630 6629 6628 6627
4 6626 6625 6624 6623
4 6622 6621 6620 6619
4 6618 6617 6616 6615
4 6614 6613 6612 6611
4 6610 6609 6608 6607
4 6606 6605 6604 6603
4 6602 6601 6600 6599
4 6598 6597 6596 6595
4 6594 6593 6592 6591
4 6590 6589 6588 6587
4 6586 6585 6584 6583
4 6582 6581 6580 6579
4 6578 6577 6576 6575
4 6574 6573 6572 6571
4 6570 6569 6568 6567
4 6566 6565 6564 6563
4 6562 6561 6560 6559
4 6558 6557 6556 6555
4 6554 6553 6552 6551
4 6550 6549 6548 6547
4 6546 6545 6544 6543
4 6542 6541 6540 6539
4 6538 6537 6536 6535
4 6534 6533 6532 6531
4 6530 6529 6528 6527
4 6526 6525 6524 6523
4 6522 6521 6520 6519
4 6518 6517 6516 6515
4 6514 6513 6512 6511
4 6510 6509 6508 6507
4 6506 6505 6504 6503
4 6502 6501 6500 6499
4 6498 6497 6496 6495
4 6494 6493 6492 6491
4 6490 6489 6488 6487
4 6486 6485 6484 6483
4 6482 6481 6480 6479
4 6478 6477 6476 6475
4 6474 6473 6472 6471
4 6470 6469 6468 6467
4 6466 6465 6464 6463
4 6462 6461 6460 6459
4 6458 6457 6456 6455
4 6454 6453 6452 6451
4 6450 6449 6448 6447
4 6446 6445 6444 6443
4 6442 6441 6440 6439
4 6438 6437 6436 6435
4 6434 6433 6432 6431
4 6430 6429 6428 6427
4 6426 6425 6424 6423
4 6422 6421 6420 6419
4 6418 6417 6416 6415
4 6414 6413 6412 6411
4 6410 6409 6408 6407
4 6406 6405 6404 6403
4 6402 6401 6400 6399
4 6398 6397 6396 6395
4 6394 6393 6392 6391
4 6390 6389 6388 6387
4 6386 6385 6384 6383
4 6382 6381 6380 6379
4 6378 6377 6376 6375
4 6374 6373 6372 6371
4 6370 6369 6368 6367
4 6366 6365 6364 6363
4 6362 6361 6360 6359
4 6358 6357 6356 6355
4 6354 6353 6352 6351
4 6350 6349 6348 6347
4 6346 6345 6344 6343
4 6342 6341 6340 6339
4 6338 6337 6336 6335
4 6334 6333 6332 6331
4 6330 6329 6328 6327
4 6326 6325 6324 6323
4 6322 6321 6320 6319
4 6318 6317 6316 6315
4 6314 6313 6312 6311
4 6310 6309 6308 6307
4 6306 6305 6304 6303
4 6302 6301 6300 6299
4 6298 6297 6296 6295
4 6294 6293 6292 6291
4 6290 6289 6288 6287
4 6286 6285 6284 6283
4 6282 6281 6280 6279
4 6278 6277 6276 6275
4 6274 6273 6272 6271
4 6270 6269 6268 6267
4 6266 6265 6264 6263
4 6262 6261 6260 6259
4 6258 6257 6256 6255
4 6254 6253 6252 6251
4 6250 6249 6248 6247
4 6246 6245 6244 6243
4 6242 6241 6240 6239
4 6238 6237 6236 6235
4 6234 6233 6232 6231
4 6230 6229 6228 6227
4 6226 6225 6224 6223
4 6222 6221 6220 6219
4 6218 6217 6216 6215
4 6214 6213 6212 6211
4 6210 6209 6208 6207
4 6206 6205 6204 6203
4 6202 6201 6200 6199
4 6198 6197 6196 6195
4 6194 6193 6192 6191
4 6190 6189 6188 6187
4 6186 6185 6184 6183
4 6182 6181 6180 6179
4 6178 6177 6176 6175
4 6174 6173 6172 6171
4 6170 6169 6168 6167
4 6166 6165 6164 6163
4 6162 6161 6160 6159
4 6158 6157 6156 6155
4 6154 6153 6152 6151
4 6150 6149 6148 6147
4 6146 6145 6144 6143
4 6142 6141 6140 6139
4 6138 6137 6136 6135
4 6134 6133 6132 6131
4 6130 6129 6128 6127
4 6126 6125 6124 6123
4 6122 6121 6120 6119
4 6118 6117 6116 6115
4 6114 6113 6112 6111
4 6110 6109 6108 6107
4 6106 6105 6104 6103
4 6102 6101 6100 6099
4 6098 6097 6096 6095
4 6094 6093 6092 6091
4 6090 6089 6088 6087
4 6086 6085 6084 6083
4 6082 6081 6080 6079
4 6078 6077 6076 6075
4 6074 6073 6072 6071
4 6070 6069 6068 6067
4 6066 6065 6064 6063
4 6062 6061 6060 6059
4 6058 6057 6056 6055
4 6054 6053 6052 6051
4 6050 6049 6048 6047
4 6046 6045 6044 6043
4 6042 6041 6040 6039
4 6038 6037 6036 6035
4 6034 6033 6032 6031
4 6030 6029 6028 6027
4 6026 6025 6024 6023
4 6022 6021 6020 6019
4 6018 6017 6016 6015
4 6014 6013 6012 6011
4 6010 6009 6008 6007
4 6006 6005 6004 6003
4 6002 6001 6000 5999
4 5998 5997 5996 5995
4 5994 5993 5992 5991
4 5990 5989 5988 5987
4 5986 5985 5984 5983
4 5982 5981 5980 5979
4 5978 5977 5976 5975
4 5974 5973 5972 5971
4 5970 5969 5968 5967
4 5966 5965 5964 5963
4 5962 5961 5960 5959
4 5958 5957 5956 5955
4 5954 5953 5952 5951
4 5950 5949 5948 5947
4 5946 5945 5944 5943
4 5942 5941 5940 5939
4 5938 5937 5936 5935
4 5934 5933 5932 5931
4 5930 5929 5928 5927
4 5926 5925 5924 5923
4 5922 5921 5920 5919
4 5918 5917 5916 5915
4 5914 5913 5912 5911
4 5910 5909 5908 5907
4 5906 5905 5904 5903
4 5902 5901 5900 5899
4 5898 5897 5896 5895
4 5894 5893 5892 5891
4 5890 5889 5888 5887
4 5886 5885 5884 5883
4 5882 5881 5880 5879
4 5878 5877 5876 5875
4 5874 5873 5872 5871
4 5870 5869 5868 5867
4 5866 5865 5864 5863
4 5862 5861 5860 5859
4 5858 5857 5856 5855
4 5854 5853 5852 5851
4 5850 5849 5848 5847
4 5846 5845 5844 5843
4 5842 5841 5840 5839
4 5838 5837 5836 5835
4 5834 5833 5832 5831
4 5830 5829 5828 5827
4 5826 5825 5824 5823
4 5822 5821 5820 5819
4 5818 5817 5816 5815
4 5814 5813 5812 5811
4 5810 5809 5808 5807
4 5806 5805 5804 5803
4 5802 5801 5800 5799
4 5798 5797 5796 5795
4 5794 5793 5792 5791
4 5790 5789 5788 5787
4 5786 5785 5784 5783
4 5782 5781 5780 5779
4 5778 5777 5776 5775
4 5774 5773 5772 5771
4 5770 5769 5768 5767
4 5766 5765 5764 5763
4 5762 5761 5760 5759
4 5758 5757 5756 5755
4 5754 5753 5752 5751
4 5750 5749 5748 5747
4 5746 5745 5744 5743
4 5742 5741 5740 5739
4 5738 5737 5736 5735
4 5734 5733 5732 5731
4 5730 5729 5728 5727
4 5726 5725 5724 5723
4 5722 5721 5720 5719
4 5718 5717 5716 5715
4 5714 5713 5712 5711
4 5710 5709 5708 5707
4 5706 5705 5704 5703
4 5702 5701 5700 5699
4 5698 5697 5696 5695
4 5694 5693 5692 5691
4 5690 5689 5688 5687
4 5686 5685 5684 5683
4 5682 5681 5680 5679
4 5678 5677 5676 5675
4 5674 5673 5672 5671
4 5670 5669 5668 5667
4 5666 5665 5664 5663
4 5662 5661 5660 5659
4 5658 5657 5656 5655
4 5654 5653 5652 5651
4 5650 5649 5648 5647
4 5646 5645 5644 5643
4 5642 5641 5640 5639
4 5638 5637 5636 5635
4 5634 5633 5632 5631
4 5630 5629 5628 5627
4 5626 5625 5624 5623
4 5622 5621 5620 5619
4 5618 5617 5616 5615
4 5614 5613 5612 5611
4 5610 5609 5608 5607
4 5606 5605 5604 5603
4 5602 5601 5600 5599
4 5598 5597 5596 5595
4 5594 5593 5592 5591
4 5590 5589 5588 5587
4 5586 5585 5584 5583
4 5582 5581 5580 5579
4 5578 5577 5576 5575
4 5574 5573 5572 5571
4 5570 5569 5568 5567
4 5566 5565 5564 5563
4 5562 5561 5560 5559
4 5558 5557 5556 5555
4 5554 5553 5552 5551
4 5550 5549 5548 5547
4 5546 5545 5544 5543
4 5542 5541 5540 5539
4 5538 5537 5536 5535
4 5534 5533 5532 5531
4 5530 5529 5528 5527
4 5526 5525 5524 5523
4 5522 5521 5520 5519
4 5518 5517 5516 5515
4 5514 5513 5512 5511
4 5510 5509 5508 5507
4 5506 5505 5504 5503
4 5502 5501 5500 5499
4 5498 5497 5496 5495
4 5494 5493 5492 5491
4 5490 5489 5488 5487
4 5486 5485 5484 5483
4 5482 5481 5480 5479
4 5478 5477 5476 5475
4 5474 5473 5472 5471
4 5470 5469 5468 5467
4 5466 5465 5464 5463
4 5462 5461 5460 5459
4 5458 5457 5456 5455
4 5454 5453 5452 5451
4 5450 5449 5448 5447
4 5446 5445 5444 5443
4 5442 5441 5440 5439
4 5438 5437 5436 5435
4 5434 5433 5432 5431
4 5430 5429 5428 5427
4 5426 5425 5424 5423
4 5422 5421 5420 5419
4 5418 5417 5416 5415
4 5414 5413 5412 5411
4 5410 5409 5408 5407
4 5406 5405 5404 5403
4 5402 5401 5400 5399
4 5398 5397 5396 5395
4 5394 5393 5392 5391
4 5390 5389 5388 5387
4 5386 5385 5384 5383
4 5382 5381 5380 5379
4 5378 5377 5376 5375
4 5374 5373 5372 5371
4 5370 5369 5368 5367
4 5366 5365 5364 5363
4 5362 5361 5360 5359
4 5358 5357 5356 5355
4 5354 5353 5352 5351
4 5350 5349 5348 5347
4 5346 5345 5344 5343
4 5342 5341 5340 5339
4 5338 5337 5336 5335
4 5334 5333 5332 5331
4 5330 5329 5328 5327
4 5326 5325 5324 5323
4 5322 5321 5320 5319
4 5318 5317 5316 5315
4 5314 5313 5312 5311
4 5310 5309 5308 5307
4 5306 5305 5304 5303
4 5302 5301 5300 5299
4 5298 5297 5296 5295
4 5294 5293 5292 5291
4 5290 5289 5288 5287
4 5286 5285 5284 5283
4 5282 5281 5280 5279
4 5278 5277 5276 5275
4 5274 5273 5272 5271
4 5270 5269 5268 5267
4 5266 5265 5264 5263
4 5262 5261 5260 5259
4 5258 5257 5256 5255
4 5254 5253 5252 5251
4 5250 5249 5248 5247
4 5246 5245 5244 5243
4 5242 5241 5240 5239
4 5238 5237 5236 5235
4 5234 5233 5232 5231
4 5230 5229 5228 5227
4 5226 5225 5224 5223
4 5222 5221 5220 5219
4 5218 5217 5216 5215
4 5214 5213 5212 5211
4 5210 5209 5208 5207
4 5206 5205 5204 5203
4 5202 5201 5200 5199
4 5198 5197 5196 5195
4 5194 5193 5192 5191
4 5190 5189 5188 5187
4 5186 5185 5184 5183
4 5182 5181 5180 5179
4 5178 5177 5176 5175
4 5174 5173 5172 5171
4 5170 5169 5168 5167
4 5166 5165 5164 5163
4 5162 5161 5160 5159
4 5158 5157 5156 5155
4 5154 5153 5152 5151
4 5150 5149 5148 5147
4 5146 5145 5144 5143
4 5142 5141 5140 5139
4 5138 5137 5136 5135
4 5134 5133 5132 5131
4 5130 5129 5128 5127
4 5126 5125 5124 5123
4 5122 5121 5120 5119
4 5118 5117 5116 5115
4 5114 5113 5112 5111
4 5110 5109 5108 5107
4 5106 5105 5104 5103
4 5102 5101 5100 5099
4 5098 5097 5096 5095
4 5094 5093 5092 5091
4 5090 5089 5088 5087
4 5086 5085 5084 5083
4 5082 5081 5080 5079
4 5078 5077 5076 5075
4 5074 5073 5072 5071
4 5070 5069 5068 5067
4 5066 5065 5064 5063
4 5062 5061 5060 5059
4 5058 5057 5056 5055
4 5054 5053 5052 5051
4 5050 5049 5048 5047
4 5046 5045 5044 5043
4 5042 5041 5040 5039
4 5038 5037 5036 5035
